<?xml version="1.0" encoding="UTF-8"?>
<testng-results ignored="0" total="1" passed="1" failed="0" skipped="0">
  <reporter-output>
  </reporter-output>
  <suite started-at="2024-12-10T17:16:03 IST" name="Default suite" finished-at="2024-12-10T17:16:03 IST" duration-ms="744">
    <groups>
    </groups>
    <test started-at="2024-12-10T17:16:03 IST" name="Default test" finished-at="2024-12-10T17:16:03 IST" duration-ms="744">
      <class name="LoginTest">
        <test-method is-config="true" signature="openBrowser()[pri:0, instance:LoginTest@2af004b]" started-at="2024-12-10T17:15:53 IST" name="openBrowser" finished-at="2024-12-10T17:16:03 IST" duration-ms="9549" status="PASS">
          <reporter-output>
          </reporter-output>
        </test-method> <!-- openBrowser -->
        <test-method signature="loginFunctionality()[pri:0, instance:LoginTest@2af004b]" started-at="2024-12-10T17:16:03 IST" name="loginFunctionality" finished-at="2024-12-10T17:16:03 IST" duration-ms="718" status="PASS">
          <reporter-output>
          </reporter-output>
        </test-method> <!-- loginFunctionality -->
        <test-method is-config="true" signature="closeBrowser()[pri:0, instance:LoginTest@2af004b]" started-at="2024-12-10T17:16:03 IST" name="closeBrowser" finished-at="2024-12-10T17:16:04 IST" duration-ms="312" status="PASS">
          <reporter-output>
          </reporter-output>
        </test-method> <!-- closeBrowser -->
      </class> <!-- LoginTest -->
    </test> <!-- Default test -->
  </suite> <!-- Default suite -->
</testng-results>
